This is pdfTeX, Version 3.14159265-2.6-1.40.21 (MiKTeX 2.9.7300) (preloaded format=pdflatex 2020.3.21)  21 MAR 2020 16:58
entering extended mode
**./Ohm_Fahmi.tex
(Ohm_Fahmi.tex
LaTeX2e <2020-02-02> patch level 4
L3 programming layer <2020-03-06>
("C:\Users\Muhamad Fahmi Adzkar\AppData\Local\Programs\MiKTeX 2.9\tex/latex/bas
e\article.cls"
Document Class: article 2019/12/20 v1.4l Standard LaTeX document class

("C:\Users\Muhamad Fahmi Adzkar\AppData\Local\Programs\MiKTeX 2.9\tex/latex/bas
e\size12.clo"
File: size12.clo 2019/12/20 v1.4l Standard LaTeX file (size option)
)
\c@part=\count167
\c@section=\count168
\c@subsection=\count169
\c@subsubsection=\count170
\c@paragraph=\count171
\c@subparagraph=\count172
\c@figure=\count173
\c@table=\count174
\abovecaptionskip=\skip47
\belowcaptionskip=\skip48
\bibindent=\dimen134
)
("C:\Users\Muhamad Fahmi Adzkar\AppData\Local\Programs\MiKTeX 2.9\tex/latex/pgf
/frontendlayer\tikz.sty"
("C:\Users\Muhamad Fahmi Adzkar\AppData\Local\Programs\MiKTeX 2.9\tex/latex/pgf
/basiclayer\pgf.sty"
("C:\Users\Muhamad Fahmi Adzkar\AppData\Local\Programs\MiKTeX 2.9\tex/latex/pgf
/utilities\pgfrcs.sty"
("C:\Users\Muhamad Fahmi Adzkar\AppData\Local\Programs\MiKTeX 2.9\tex/generic/p
gf/utilities\pgfutil-common.tex"
\pgfutil@everybye=\toks14
\pgfutil@tempdima=\dimen135
\pgfutil@tempdimb=\dimen136

("C:\Users\Muhamad Fahmi Adzkar\AppData\Local\Programs\MiKTeX 2.9\tex/generic/p
gf/utilities\pgfutil-common-lists.tex"))
("C:\Users\Muhamad Fahmi Adzkar\AppData\Local\Programs\MiKTeX 2.9\tex/generic/p
gf/utilities\pgfutil-latex.def"
\pgfutil@abb=\box45

("C:\Users\Muhamad Fahmi Adzkar\AppData\Local\Programs\MiKTeX 2.9\tex/latex/ms\
everyshi.sty"
Package: everyshi 2001/05/15 v3.00 EveryShipout Package (MS)
))
("C:\Users\Muhamad Fahmi Adzkar\AppData\Local\Programs\MiKTeX 2.9\tex/generic/p
gf/utilities\pgfrcs.code.tex"
("C:\Users\Muhamad Fahmi Adzkar\AppData\Local\Programs\MiKTeX 2.9\tex/generic/p
gf\pgf.revision.tex")
Package: pgfrcs 2020/01/08 v3.1.5b (3.1.5b)
))
Package: pgf 2020/01/08 v3.1.5b (3.1.5b)

("C:\Users\Muhamad Fahmi Adzkar\AppData\Local\Programs\MiKTeX 2.9\tex/latex/pgf
/basiclayer\pgfcore.sty"
("C:\Users\Muhamad Fahmi Adzkar\AppData\Local\Programs\MiKTeX 2.9\tex/latex/gra
phics\graphicx.sty"
Package: graphicx 2019/11/30 v1.2a Enhanced LaTeX Graphics (DPC,SPQR)

("C:\Users\Muhamad Fahmi Adzkar\AppData\Local\Programs\MiKTeX 2.9\tex/latex/gra
phics\keyval.sty"
Package: keyval 2014/10/28 v1.15 key=value parser (DPC)
\KV@toks@=\toks15
)
("C:\Users\Muhamad Fahmi Adzkar\AppData\Local\Programs\MiKTeX 2.9\tex/latex/gra
phics\graphics.sty"
Package: graphics 2019/11/30 v1.4a Standard LaTeX Graphics (DPC,SPQR)

("C:\Users\Muhamad Fahmi Adzkar\AppData\Local\Programs\MiKTeX 2.9\tex/latex/gra
phics\trig.sty"
Package: trig 2016/01/03 v1.10 sin cos tan (DPC)
)
("C:\Users\Muhamad Fahmi Adzkar\AppData\Local\Programs\MiKTeX 2.9\tex/latex/gra
phics-cfg\graphics.cfg"
File: graphics.cfg 2016/06/04 v1.11 sample graphics configuration
)
Package graphics Info: Driver file: pdftex.def on input line 105.

("C:\Users\Muhamad Fahmi Adzkar\AppData\Local\Programs\MiKTeX 2.9\tex/latex/gra
phics-def\pdftex.def"
File: pdftex.def 2018/01/08 v1.0l Graphics/color driver for pdftex
))
\Gin@req@height=\dimen137
\Gin@req@width=\dimen138
)
("C:\Users\Muhamad Fahmi Adzkar\AppData\Local\Programs\MiKTeX 2.9\tex/latex/pgf
/systemlayer\pgfsys.sty"
("C:\Users\Muhamad Fahmi Adzkar\AppData\Local\Programs\MiKTeX 2.9\tex/generic/p
gf/systemlayer\pgfsys.code.tex"
Package: pgfsys 2020/01/08 v3.1.5b (3.1.5b)

("C:\Users\Muhamad Fahmi Adzkar\AppData\Local\Programs\MiKTeX 2.9\tex/generic/p
gf/utilities\pgfkeys.code.tex"
\pgfkeys@pathtoks=\toks16
\pgfkeys@temptoks=\toks17

("C:\Users\Muhamad Fahmi Adzkar\AppData\Local\Programs\MiKTeX 2.9\tex/generic/p
gf/utilities\pgfkeysfiltered.code.tex"
\pgfkeys@tmptoks=\toks18
))
\pgf@x=\dimen139
\pgf@y=\dimen140
\pgf@xa=\dimen141
\pgf@ya=\dimen142
\pgf@xb=\dimen143
\pgf@yb=\dimen144
\pgf@xc=\dimen145
\pgf@yc=\dimen146
\pgf@xd=\dimen147
\pgf@yd=\dimen148
\w@pgf@writea=\write3
\r@pgf@reada=\read2
\c@pgf@counta=\count175
\c@pgf@countb=\count176
\c@pgf@countc=\count177
\c@pgf@countd=\count178
\t@pgf@toka=\toks19
\t@pgf@tokb=\toks20
\t@pgf@tokc=\toks21
\pgf@sys@id@count=\count179

("C:\Users\Muhamad Fahmi Adzkar\AppData\Local\Programs\MiKTeX 2.9\tex/generic/p
gf/systemlayer\pgf.cfg"
File: pgf.cfg 2020/01/08 v3.1.5b (3.1.5b)
)
Driver file for pgf: pgfsys-pdftex.def

("C:\Users\Muhamad Fahmi Adzkar\AppData\Local\Programs\MiKTeX 2.9\tex/generic/p
gf/systemlayer\pgfsys-pdftex.def"
File: pgfsys-pdftex.def 2020/01/08 v3.1.5b (3.1.5b)

("C:\Users\Muhamad Fahmi Adzkar\AppData\Local\Programs\MiKTeX 2.9\tex/generic/p
gf/systemlayer\pgfsys-common-pdf.def"
File: pgfsys-common-pdf.def 2020/01/08 v3.1.5b (3.1.5b)
)))
("C:\Users\Muhamad Fahmi Adzkar\AppData\Local\Programs\MiKTeX 2.9\tex/generic/p
gf/systemlayer\pgfsyssoftpath.code.tex"
File: pgfsyssoftpath.code.tex 2020/01/08 v3.1.5b (3.1.5b)
\pgfsyssoftpath@smallbuffer@items=\count180
\pgfsyssoftpath@bigbuffer@items=\count181
)
("C:\Users\Muhamad Fahmi Adzkar\AppData\Local\Programs\MiKTeX 2.9\tex/generic/p
gf/systemlayer\pgfsysprotocol.code.tex"
File: pgfsysprotocol.code.tex 2020/01/08 v3.1.5b (3.1.5b)
))
("C:\Users\Muhamad Fahmi Adzkar\AppData\Local\Programs\MiKTeX 2.9\tex/latex/xco
lor\xcolor.sty"
Package: xcolor 2016/05/11 v2.12 LaTeX color extensions (UK)

("C:\Users\Muhamad Fahmi Adzkar\AppData\Local\Programs\MiKTeX 2.9\tex/latex/gra
phics-cfg\color.cfg"
File: color.cfg 2016/01/02 v1.6 sample color configuration
)
Package xcolor Info: Driver file: pdftex.def on input line 225.
Package xcolor Info: Model `cmy' substituted by `cmy0' on input line 1348.
Package xcolor Info: Model `hsb' substituted by `rgb' on input line 1352.
Package xcolor Info: Model `RGB' extended on input line 1364.
Package xcolor Info: Model `HTML' substituted by `rgb' on input line 1366.
Package xcolor Info: Model `Hsb' substituted by `hsb' on input line 1367.
Package xcolor Info: Model `tHsb' substituted by `hsb' on input line 1368.
Package xcolor Info: Model `HSB' substituted by `hsb' on input line 1369.
Package xcolor Info: Model `Gray' substituted by `gray' on input line 1370.
Package xcolor Info: Model `wave' substituted by `hsb' on input line 1371.
)
("C:\Users\Muhamad Fahmi Adzkar\AppData\Local\Programs\MiKTeX 2.9\tex/generic/p
gf/basiclayer\pgfcore.code.tex"
Package: pgfcore 2020/01/08 v3.1.5b (3.1.5b)

("C:\Users\Muhamad Fahmi Adzkar\AppData\Local\Programs\MiKTeX 2.9\tex/generic/p
gf/math\pgfmath.code.tex"
("C:\Users\Muhamad Fahmi Adzkar\AppData\Local\Programs\MiKTeX 2.9\tex/generic/p
gf/math\pgfmathcalc.code.tex"
("C:\Users\Muhamad Fahmi Adzkar\AppData\Local\Programs\MiKTeX 2.9\tex/generic/p
gf/math\pgfmathutil.code.tex")
("C:\Users\Muhamad Fahmi Adzkar\AppData\Local\Programs\MiKTeX 2.9\tex/generic/p
gf/math\pgfmathparser.code.tex"
\pgfmath@dimen=\dimen149
\pgfmath@count=\count182
\pgfmath@box=\box46
\pgfmath@toks=\toks22
\pgfmath@stack@operand=\toks23
\pgfmath@stack@operation=\toks24
)
("C:\Users\Muhamad Fahmi Adzkar\AppData\Local\Programs\MiKTeX 2.9\tex/generic/p
gf/math\pgfmathfunctions.code.tex"
("C:\Users\Muhamad Fahmi Adzkar\AppData\Local\Programs\MiKTeX 2.9\tex/generic/p
gf/math\pgfmathfunctions.basic.code.tex")
("C:\Users\Muhamad Fahmi Adzkar\AppData\Local\Programs\MiKTeX 2.9\tex/generic/p
gf/math\pgfmathfunctions.trigonometric.code.tex")
("C:\Users\Muhamad Fahmi Adzkar\AppData\Local\Programs\MiKTeX 2.9\tex/generic/p
gf/math\pgfmathfunctions.random.code.tex")
("C:\Users\Muhamad Fahmi Adzkar\AppData\Local\Programs\MiKTeX 2.9\tex/generic/p
gf/math\pgfmathfunctions.comparison.code.tex")
("C:\Users\Muhamad Fahmi Adzkar\AppData\Local\Programs\MiKTeX 2.9\tex/generic/p
gf/math\pgfmathfunctions.base.code.tex")
("C:\Users\Muhamad Fahmi Adzkar\AppData\Local\Programs\MiKTeX 2.9\tex/generic/p
gf/math\pgfmathfunctions.round.code.tex")
("C:\Users\Muhamad Fahmi Adzkar\AppData\Local\Programs\MiKTeX 2.9\tex/generic/p
gf/math\pgfmathfunctions.misc.code.tex")
("C:\Users\Muhamad Fahmi Adzkar\AppData\Local\Programs\MiKTeX 2.9\tex/generic/p
gf/math\pgfmathfunctions.integerarithmetics.code.tex")))
("C:\Users\Muhamad Fahmi Adzkar\AppData\Local\Programs\MiKTeX 2.9\tex/generic/p
gf/math\pgfmathfloat.code.tex"
\c@pgfmathroundto@lastzeros=\count183
))
("C:\Users\Muhamad Fahmi Adzkar\AppData\Local\Programs\MiKTeX 2.9\tex/generic/p
gf/math\pgfint.code.tex")
("C:\Users\Muhamad Fahmi Adzkar\AppData\Local\Programs\MiKTeX 2.9\tex/generic/p
gf/basiclayer\pgfcorepoints.code.tex"
File: pgfcorepoints.code.tex 2020/01/08 v3.1.5b (3.1.5b)
\pgf@picminx=\dimen150
\pgf@picmaxx=\dimen151
\pgf@picminy=\dimen152
\pgf@picmaxy=\dimen153
\pgf@pathminx=\dimen154
\pgf@pathmaxx=\dimen155
\pgf@pathminy=\dimen156
\pgf@pathmaxy=\dimen157
\pgf@xx=\dimen158
\pgf@xy=\dimen159
\pgf@yx=\dimen160
\pgf@yy=\dimen161
\pgf@zx=\dimen162
\pgf@zy=\dimen163
)
("C:\Users\Muhamad Fahmi Adzkar\AppData\Local\Programs\MiKTeX 2.9\tex/generic/p
gf/basiclayer\pgfcorepathconstruct.code.tex"
File: pgfcorepathconstruct.code.tex 2020/01/08 v3.1.5b (3.1.5b)
\pgf@path@lastx=\dimen164
\pgf@path@lasty=\dimen165
)
("C:\Users\Muhamad Fahmi Adzkar\AppData\Local\Programs\MiKTeX 2.9\tex/generic/p
gf/basiclayer\pgfcorepathusage.code.tex"
File: pgfcorepathusage.code.tex 2020/01/08 v3.1.5b (3.1.5b)
\pgf@shorten@end@additional=\dimen166
\pgf@shorten@start@additional=\dimen167
)
("C:\Users\Muhamad Fahmi Adzkar\AppData\Local\Programs\MiKTeX 2.9\tex/generic/p
gf/basiclayer\pgfcorescopes.code.tex"
File: pgfcorescopes.code.tex 2020/01/08 v3.1.5b (3.1.5b)
\pgfpic=\box47
\pgf@hbox=\box48
\pgf@layerbox@main=\box49
\pgf@picture@serial@count=\count184
)
("C:\Users\Muhamad Fahmi Adzkar\AppData\Local\Programs\MiKTeX 2.9\tex/generic/p
gf/basiclayer\pgfcoregraphicstate.code.tex"
File: pgfcoregraphicstate.code.tex 2020/01/08 v3.1.5b (3.1.5b)
\pgflinewidth=\dimen168
)
("C:\Users\Muhamad Fahmi Adzkar\AppData\Local\Programs\MiKTeX 2.9\tex/generic/p
gf/basiclayer\pgfcoretransformations.code.tex"
File: pgfcoretransformations.code.tex 2020/01/08 v3.1.5b (3.1.5b)
\pgf@pt@x=\dimen169
\pgf@pt@y=\dimen170
\pgf@pt@temp=\dimen171
)
("C:\Users\Muhamad Fahmi Adzkar\AppData\Local\Programs\MiKTeX 2.9\tex/generic/p
gf/basiclayer\pgfcorequick.code.tex"
File: pgfcorequick.code.tex 2020/01/08 v3.1.5b (3.1.5b)
)
("C:\Users\Muhamad Fahmi Adzkar\AppData\Local\Programs\MiKTeX 2.9\tex/generic/p
gf/basiclayer\pgfcoreobjects.code.tex"
File: pgfcoreobjects.code.tex 2020/01/08 v3.1.5b (3.1.5b)
)
("C:\Users\Muhamad Fahmi Adzkar\AppData\Local\Programs\MiKTeX 2.9\tex/generic/p
gf/basiclayer\pgfcorepathprocessing.code.tex"
File: pgfcorepathprocessing.code.tex 2020/01/08 v3.1.5b (3.1.5b)
)
("C:\Users\Muhamad Fahmi Adzkar\AppData\Local\Programs\MiKTeX 2.9\tex/generic/p
gf/basiclayer\pgfcorearrows.code.tex"
File: pgfcorearrows.code.tex 2020/01/08 v3.1.5b (3.1.5b)
\pgfarrowsep=\dimen172
)
("C:\Users\Muhamad Fahmi Adzkar\AppData\Local\Programs\MiKTeX 2.9\tex/generic/p
gf/basiclayer\pgfcoreshade.code.tex"
File: pgfcoreshade.code.tex 2020/01/08 v3.1.5b (3.1.5b)
\pgf@max=\dimen173
\pgf@sys@shading@range@num=\count185
\pgf@shadingcount=\count186
)
("C:\Users\Muhamad Fahmi Adzkar\AppData\Local\Programs\MiKTeX 2.9\tex/generic/p
gf/basiclayer\pgfcoreimage.code.tex"
File: pgfcoreimage.code.tex 2020/01/08 v3.1.5b (3.1.5b)

("C:\Users\Muhamad Fahmi Adzkar\AppData\Local\Programs\MiKTeX 2.9\tex/generic/p
gf/basiclayer\pgfcoreexternal.code.tex"
File: pgfcoreexternal.code.tex 2020/01/08 v3.1.5b (3.1.5b)
\pgfexternal@startupbox=\box50
))
("C:\Users\Muhamad Fahmi Adzkar\AppData\Local\Programs\MiKTeX 2.9\tex/generic/p
gf/basiclayer\pgfcorelayers.code.tex"
File: pgfcorelayers.code.tex 2020/01/08 v3.1.5b (3.1.5b)
)
("C:\Users\Muhamad Fahmi Adzkar\AppData\Local\Programs\MiKTeX 2.9\tex/generic/p
gf/basiclayer\pgfcoretransparency.code.tex"
File: pgfcoretransparency.code.tex 2020/01/08 v3.1.5b (3.1.5b)
)
("C:\Users\Muhamad Fahmi Adzkar\AppData\Local\Programs\MiKTeX 2.9\tex/generic/p
gf/basiclayer\pgfcorepatterns.code.tex"
File: pgfcorepatterns.code.tex 2020/01/08 v3.1.5b (3.1.5b)
)
("C:\Users\Muhamad Fahmi Adzkar\AppData\Local\Programs\MiKTeX 2.9\tex/generic/p
gf/basiclayer\pgfcorerdf.code.tex"
File: pgfcorerdf.code.tex 2020/01/08 v3.1.5b (3.1.5b)
)))
("C:\Users\Muhamad Fahmi Adzkar\AppData\Local\Programs\MiKTeX 2.9\tex/generic/p
gf/modules\pgfmoduleshapes.code.tex"
File: pgfmoduleshapes.code.tex 2020/01/08 v3.1.5b (3.1.5b)
\pgfnodeparttextbox=\box51
)
("C:\Users\Muhamad Fahmi Adzkar\AppData\Local\Programs\MiKTeX 2.9\tex/generic/p
gf/modules\pgfmoduleplot.code.tex"
File: pgfmoduleplot.code.tex 2020/01/08 v3.1.5b (3.1.5b)
)
("C:\Users\Muhamad Fahmi Adzkar\AppData\Local\Programs\MiKTeX 2.9\tex/latex/pgf
/compatibility\pgfcomp-version-0-65.sty"
Package: pgfcomp-version-0-65 2020/01/08 v3.1.5b (3.1.5b)
\pgf@nodesepstart=\dimen174
\pgf@nodesepend=\dimen175
)
("C:\Users\Muhamad Fahmi Adzkar\AppData\Local\Programs\MiKTeX 2.9\tex/latex/pgf
/compatibility\pgfcomp-version-1-18.sty"
Package: pgfcomp-version-1-18 2020/01/08 v3.1.5b (3.1.5b)
))
("C:\Users\Muhamad Fahmi Adzkar\AppData\Local\Programs\MiKTeX 2.9\tex/latex/pgf
/utilities\pgffor.sty"
("C:\Users\Muhamad Fahmi Adzkar\AppData\Local\Programs\MiKTeX 2.9\tex/latex/pgf
/utilities\pgfkeys.sty"
("C:\Users\Muhamad Fahmi Adzkar\AppData\Local\Programs\MiKTeX 2.9\tex/generic/p
gf/utilities\pgfkeys.code.tex"))
("C:\Users\Muhamad Fahmi Adzkar\AppData\Local\Programs\MiKTeX 2.9\tex/latex/pgf
/math\pgfmath.sty"
("C:\Users\Muhamad Fahmi Adzkar\AppData\Local\Programs\MiKTeX 2.9\tex/generic/p
gf/math\pgfmath.code.tex"))
("C:\Users\Muhamad Fahmi Adzkar\AppData\Local\Programs\MiKTeX 2.9\tex/generic/p
gf/utilities\pgffor.code.tex"
Package: pgffor 2020/01/08 v3.1.5b (3.1.5b)

("C:\Users\Muhamad Fahmi Adzkar\AppData\Local\Programs\MiKTeX 2.9\tex/generic/p
gf/math\pgfmath.code.tex")
\pgffor@iter=\dimen176
\pgffor@skip=\dimen177
\pgffor@stack=\toks25
\pgffor@toks=\toks26
))
("C:\Users\Muhamad Fahmi Adzkar\AppData\Local\Programs\MiKTeX 2.9\tex/generic/p
gf/frontendlayer/tikz\tikz.code.tex"
Package: tikz 2020/01/08 v3.1.5b (3.1.5b)

("C:\Users\Muhamad Fahmi Adzkar\AppData\Local\Programs\MiKTeX 2.9\tex/generic/p
gf/libraries\pgflibraryplothandlers.code.tex"
File: pgflibraryplothandlers.code.tex 2020/01/08 v3.1.5b (3.1.5b)
\pgf@plot@mark@count=\count187
\pgfplotmarksize=\dimen178
)
\tikz@lastx=\dimen179
\tikz@lasty=\dimen180
\tikz@lastxsaved=\dimen181
\tikz@lastysaved=\dimen182
\tikz@lastmovetox=\dimen183
\tikz@lastmovetoy=\dimen184
\tikzleveldistance=\dimen185
\tikzsiblingdistance=\dimen186
\tikz@figbox=\box52
\tikz@figbox@bg=\box53
\tikz@tempbox=\box54
\tikz@tempbox@bg=\box55
\tikztreelevel=\count188
\tikznumberofchildren=\count189
\tikznumberofcurrentchild=\count190
\tikz@fig@count=\count191

("C:\Users\Muhamad Fahmi Adzkar\AppData\Local\Programs\MiKTeX 2.9\tex/generic/p
gf/modules\pgfmodulematrix.code.tex"
File: pgfmodulematrix.code.tex 2020/01/08 v3.1.5b (3.1.5b)
\pgfmatrixcurrentrow=\count192
\pgfmatrixcurrentcolumn=\count193
\pgf@matrix@numberofcolumns=\count194
)
\tikz@expandcount=\count195

("C:\Users\Muhamad Fahmi Adzkar\AppData\Local\Programs\MiKTeX 2.9\tex/generic/p
gf/frontendlayer/tikz/libraries\tikzlibrarytopaths.code.tex"
File: tikzlibrarytopaths.code.tex 2020/01/08 v3.1.5b (3.1.5b)
)))
("C:\Users\Muhamad Fahmi Adzkar\AppData\Local\Programs\MiKTeX 2.9\tex/latex/flo
at\float.sty"
Package: float 2001/11/08 v1.3d Float enhancements (AL)
\c@float@type=\count196
\float@exts=\toks27
\float@box=\box56
\@float@everytoks=\toks28
\@floatcapt=\box57
)
("C:\Users\Muhamad Fahmi Adzkar\AppData\Local\Programs\MiKTeX 2.9\tex/latex/mul
tirow\multirow.sty"
Package: multirow 2019/05/31 v2.5 Span multiple rows of a table
\multirow@colwidth=\skip49
\multirow@cntb=\count197
\multirow@dima=\skip50
\bigstrutjot=\dimen187
)
("C:\Users\Muhamad Fahmi Adzkar\AppData\Local\Programs\MiKTeX 2.9\tex/latex/set
space\setspace.sty"
Package: setspace 2011/12/19 v6.7a set line spacing
)
("C:\Users\Muhamad Fahmi Adzkar\AppData\Local\Programs\MiKTeX 2.9\tex/latex/psn
fss\times.sty"
Package: times 2005/04/12 PSNFSS-v9.2a (SPQR) 
)
("C:\Users\Muhamad Fahmi Adzkar\AppData\Local\Programs\MiKTeX 2.9\tex/latex/geo
metry\geometry.sty"
Package: geometry 2020/01/02 v5.9 Page Geometry

("C:\Users\Muhamad Fahmi Adzkar\AppData\Local\Programs\MiKTeX 2.9\tex/generic/i
ftex\ifvtex.sty"
Package: ifvtex 2019/10/25 v1.7 ifvtex legacy package. Use iftex instead.

("C:\Users\Muhamad Fahmi Adzkar\AppData\Local\Programs\MiKTeX 2.9\tex/generic/i
ftex\iftex.sty"
Package: iftex 2020/03/06 v1.0d TeX engine tests
))
\Gm@cnth=\count198
\Gm@cntv=\count199
\c@Gm@tempcnt=\count266
\Gm@bindingoffset=\dimen188
\Gm@wd@mp=\dimen189
\Gm@odd@mp=\dimen190
\Gm@even@mp=\dimen191
\Gm@layoutwidth=\dimen192
\Gm@layoutheight=\dimen193
\Gm@layouthoffset=\dimen194
\Gm@layoutvoffset=\dimen195
\Gm@dimlist=\toks29

("C:\Users\Muhamad Fahmi Adzkar\AppData\Local\Programs\MiKTeX 2.9\tex/latex/geo
metry\geometry.cfg"))
("C:\Users\Muhamad Fahmi Adzkar\AppData\Local\Programs\MiKTeX 2.9\tex/latex/fan
cyhdr\fancyhdr.sty"
Package: fancyhdr 2019/01/31 v3.10 Extensive control of page headers and footer
s
\f@nch@headwidth=\skip51
\f@nch@O@elh=\skip52
\f@nch@O@erh=\skip53
\f@nch@O@olh=\skip54
\f@nch@O@orh=\skip55
\f@nch@O@elf=\skip56
\f@nch@O@erf=\skip57
\f@nch@O@olf=\skip58
\f@nch@O@orf=\skip59
)
("C:\Users\Muhamad Fahmi Adzkar\AppData\Local\Programs\MiKTeX 2.9\tex/generic/p
gf/frontendlayer/tikz/libraries\tikzlibraryarrows.code.tex"
File: tikzlibraryarrows.code.tex 2020/01/08 v3.1.5b (3.1.5b)

("C:\Users\Muhamad Fahmi Adzkar\AppData\Local\Programs\MiKTeX 2.9\tex/generic/p
gf/libraries\pgflibraryarrows.code.tex"
File: pgflibraryarrows.code.tex 2020/01/08 v3.1.5b (3.1.5b)
\arrowsize=\dimen196
))
("C:\Users\Muhamad Fahmi Adzkar\AppData\Local\Programs\MiKTeX 2.9\tex/generic/p
gf/frontendlayer/tikz/libraries\tikzlibraryshapes.geometric.code.tex"
File: tikzlibraryshapes.geometric.code.tex 2020/01/08 v3.1.5b (3.1.5b)

("C:\Users\Muhamad Fahmi Adzkar\AppData\Local\Programs\MiKTeX 2.9\tex/generic/p
gf/libraries/shapes\pgflibraryshapes.geometric.code.tex"
File: pgflibraryshapes.geometric.code.tex 2020/01/08 v3.1.5b (3.1.5b)
))
("C:\Users\Muhamad Fahmi Adzkar\AppData\Local\Programs\MiKTeX 2.9\tex/generic/p
gf/frontendlayer/tikz/libraries\tikzlibraryshapes.code.tex"
File: tikzlibraryshapes.code.tex 2020/01/08 v3.1.5b (3.1.5b)

("C:\Users\Muhamad Fahmi Adzkar\AppData\Local\Programs\MiKTeX 2.9\tex/generic/p
gf/frontendlayer/tikz/libraries\tikzlibraryshapes.misc.code.tex"
File: tikzlibraryshapes.misc.code.tex 2020/01/08 v3.1.5b (3.1.5b)

("C:\Users\Muhamad Fahmi Adzkar\AppData\Local\Programs\MiKTeX 2.9\tex/generic/p
gf/libraries/shapes\pgflibraryshapes.misc.code.tex"
File: pgflibraryshapes.misc.code.tex 2020/01/08 v3.1.5b (3.1.5b)
))
("C:\Users\Muhamad Fahmi Adzkar\AppData\Local\Programs\MiKTeX 2.9\tex/generic/p
gf/frontendlayer/tikz/libraries\tikzlibraryshapes.symbols.code.tex"
File: tikzlibraryshapes.symbols.code.tex 2020/01/08 v3.1.5b (3.1.5b)

("C:\Users\Muhamad Fahmi Adzkar\AppData\Local\Programs\MiKTeX 2.9\tex/generic/p
gf/libraries/shapes\pgflibraryshapes.symbols.code.tex"
File: pgflibraryshapes.symbols.code.tex 2020/01/08 v3.1.5b (3.1.5b)
))
("C:\Users\Muhamad Fahmi Adzkar\AppData\Local\Programs\MiKTeX 2.9\tex/generic/p
gf/frontendlayer/tikz/libraries\tikzlibraryshapes.arrows.code.tex"
File: tikzlibraryshapes.arrows.code.tex 2020/01/08 v3.1.5b (3.1.5b)

("C:\Users\Muhamad Fahmi Adzkar\AppData\Local\Programs\MiKTeX 2.9\tex/generic/p
gf/libraries/shapes\pgflibraryshapes.arrows.code.tex"
File: pgflibraryshapes.arrows.code.tex 2020/01/08 v3.1.5b (3.1.5b)
))
("C:\Users\Muhamad Fahmi Adzkar\AppData\Local\Programs\MiKTeX 2.9\tex/generic/p
gf/frontendlayer/tikz/libraries\tikzlibraryshapes.callouts.code.tex"
("C:\Users\Muhamad Fahmi Adzkar\AppData\Local\Programs\MiKTeX 2.9\tex/generic/p
gf/libraries/shapes\pgflibraryshapes.callouts.code.tex"))
("C:\Users\Muhamad Fahmi Adzkar\AppData\Local\Programs\MiKTeX 2.9\tex/generic/p
gf/frontendlayer/tikz/libraries\tikzlibraryshapes.multipart.code.tex"
File: tikzlibraryshapes.multipart.code.tex 2020/01/08 v3.1.5b (3.1.5b)

("C:\Users\Muhamad Fahmi Adzkar\AppData\Local\Programs\MiKTeX 2.9\tex/generic/p
gf/libraries/shapes\pgflibraryshapes.multipart.code.tex"
File: pgflibraryshapes.multipart.code.tex 2020/01/08 v3.1.5b (3.1.5b)
\pgfnodepartlowerbox=\box58
\pgfnodeparttwobox=\box59
\pgfnodepartthreebox=\box60
\pgfnodepartfourbox=\box61
\pgfnodeparttwentybox=\box62
\pgfnodepartnineteenbox=\box63
\pgfnodeparteighteenbox=\box64
\pgfnodepartseventeenbox=\box65
\pgfnodepartsixteenbox=\box66
\pgfnodepartfifteenbox=\box67
\pgfnodepartfourteenbox=\box68
\pgfnodepartthirteenbox=\box69
\pgfnodeparttwelvebox=\box70
\pgfnodepartelevenbox=\box71
\pgfnodeparttenbox=\box72
\pgfnodepartninebox=\box73
\pgfnodeparteightbox=\box74
\pgfnodepartsevenbox=\box75
\pgfnodepartsixbox=\box76
\pgfnodepartfivebox=\box77
)))

! LaTeX Error: File `l3backend-pdfmode.def' not found.

Type X to quit or <RETURN> to proceed,
or enter new name. (Default extension: def)

Enter file name: 
! Emergency stop.
<read *> 
         
l.25 \begin{document}
                      % Mulai Penulisan Laporan
*** (cannot \read from terminal in nonstop modes)

 
Here is how much of TeX's memory you used:
 14042 strings out of 480903
 314356 string characters out of 2891141
 552500 words of memory out of 3000000
 29698 multiletter control sequences out of 15000+200000
 532636 words of font info for 25 fonts, out of 3000000 for 9000
 1141 hyphenation exceptions out of 8191
 60i,0n,67p,411b,89s stack positions out of 5000i,500n,10000p,200000b,50000s
!  ==> Fatal error occurred, no output PDF file produced!
