This is pdfTeX, Version 3.14159265-2.6-1.40.20 (MiKTeX 2.9.7200) (preloaded format=pdflatex 2019.10.15)  12 DEC 2019 19:47
entering extended mode
**./op-amp.tex
(op-amp.tex
LaTeX2e <2019-10-01>

("C:\Users\Muhamad Fahmi Adzkar\AppData\Local\Programs\MiKTeX 2.9\tex/latex/bas
e\article.cls"
Document Class: article 2019/08/27 v1.4j Standard LaTeX document class

("C:\Users\Muhamad Fahmi Adzkar\AppData\Local\Programs\MiKTeX 2.9\tex/latex/bas
e\size12.clo"
File: size12.clo 2019/08/27 v1.4j Standard LaTeX file (size option)
)
\c@part=\count80
\c@section=\count81
\c@subsection=\count82
\c@subsubsection=\count83
\c@paragraph=\count84
\c@subparagraph=\count85
\c@figure=\count86
\c@table=\count87
\abovecaptionskip=\skip41
\belowcaptionskip=\skip42
\bibindent=\dimen102
)
("C:\Users\Muhamad Fahmi Adzkar\AppData\Local\Programs\MiKTeX 2.9\tex/latex/pgf
/frontendlayer\tikz.sty"
("C:\Users\Muhamad Fahmi Adzkar\AppData\Local\Programs\MiKTeX 2.9\tex/latex/pgf
/basiclayer\pgf.sty"
("C:\Users\Muhamad Fahmi Adzkar\AppData\Local\Programs\MiKTeX 2.9\tex/latex/pgf
/utilities\pgfrcs.sty"
("C:\Users\Muhamad Fahmi Adzkar\AppData\Local\Programs\MiKTeX 2.9\tex/generic/p
gf/utilities\pgfutil-common.tex"
\pgfutil@everybye=\toks14
\pgfutil@tempdima=\dimen103
\pgfutil@tempdimb=\dimen104

("C:\Users\Muhamad Fahmi Adzkar\AppData\Local\Programs\MiKTeX 2.9\tex/generic/p
gf/utilities\pgfutil-common-lists.tex"))
("C:\Users\Muhamad Fahmi Adzkar\AppData\Local\Programs\MiKTeX 2.9\tex/generic/p
gf/utilities\pgfutil-latex.def"
\pgfutil@abb=\box27

("C:\Users\Muhamad Fahmi Adzkar\AppData\Local\Programs\MiKTeX 2.9\tex/latex/ms\
everyshi.sty"
Package: everyshi 2001/05/15 v3.00 EveryShipout Package (MS)
))
("C:\Users\Muhamad Fahmi Adzkar\AppData\Local\Programs\MiKTeX 2.9\tex/generic/p
gf/utilities\pgfrcs.code.tex"
("C:\Users\Muhamad Fahmi Adzkar\AppData\Local\Programs\MiKTeX 2.9\tex/generic/p
gf\pgf.revision.tex")
Package: pgfrcs 2019/08/03 v3.1.4b (3.1.4b)
))
Package: pgf 2019/08/03 v3.1.4b (3.1.4b)

("C:\Users\Muhamad Fahmi Adzkar\AppData\Local\Programs\MiKTeX 2.9\tex/latex/pgf
/basiclayer\pgfcore.sty"
("C:\Users\Muhamad Fahmi Adzkar\AppData\Local\Programs\MiKTeX 2.9\tex/latex/gra
phics\graphicx.sty"
Package: graphicx 2017/06/01 v1.1a Enhanced LaTeX Graphics (DPC,SPQR)

("C:\Users\Muhamad Fahmi Adzkar\AppData\Local\Programs\MiKTeX 2.9\tex/latex/gra
phics\keyval.sty"
Package: keyval 2014/10/28 v1.15 key=value parser (DPC)
\KV@toks@=\toks15
)
("C:\Users\Muhamad Fahmi Adzkar\AppData\Local\Programs\MiKTeX 2.9\tex/latex/gra
phics\graphics.sty"
Package: graphics 2019/07/20 v1.3b Standard LaTeX Graphics (DPC,SPQR)

("C:\Users\Muhamad Fahmi Adzkar\AppData\Local\Programs\MiKTeX 2.9\tex/latex/gra
phics\trig.sty"
Package: trig 2016/01/03 v1.10 sin cos tan (DPC)
)
("C:\Users\Muhamad Fahmi Adzkar\AppData\Local\Programs\MiKTeX 2.9\tex/latex/gra
phics-cfg\graphics.cfg"
File: graphics.cfg 2016/06/04 v1.11 sample graphics configuration
)
Package graphics Info: Driver file: pdftex.def on input line 105.

("C:\Users\Muhamad Fahmi Adzkar\AppData\Local\Programs\MiKTeX 2.9\tex/latex/gra
phics-def\pdftex.def"
File: pdftex.def 2018/01/08 v1.0l Graphics/color driver for pdftex
))
\Gin@req@height=\dimen105
\Gin@req@width=\dimen106
)
("C:\Users\Muhamad Fahmi Adzkar\AppData\Local\Programs\MiKTeX 2.9\tex/latex/pgf
/systemlayer\pgfsys.sty"
("C:\Users\Muhamad Fahmi Adzkar\AppData\Local\Programs\MiKTeX 2.9\tex/generic/p
gf/systemlayer\pgfsys.code.tex"
Package: pgfsys 2019/08/03 v3.1.4b (3.1.4b)

("C:\Users\Muhamad Fahmi Adzkar\AppData\Local\Programs\MiKTeX 2.9\tex/generic/p
gf/utilities\pgfkeys.code.tex"
\pgfkeys@pathtoks=\toks16
\pgfkeys@temptoks=\toks17

("C:\Users\Muhamad Fahmi Adzkar\AppData\Local\Programs\MiKTeX 2.9\tex/generic/p
gf/utilities\pgfkeysfiltered.code.tex"
\pgfkeys@tmptoks=\toks18
))
\pgf@x=\dimen107
\pgf@y=\dimen108
\pgf@xa=\dimen109
\pgf@ya=\dimen110
\pgf@xb=\dimen111
\pgf@yb=\dimen112
\pgf@xc=\dimen113
\pgf@yc=\dimen114
\pgf@xd=\dimen115
\pgf@yd=\dimen116
\w@pgf@writea=\write3
\r@pgf@reada=\read1
\c@pgf@counta=\count88
\c@pgf@countb=\count89
\c@pgf@countc=\count90
\c@pgf@countd=\count91
\t@pgf@toka=\toks19
\t@pgf@tokb=\toks20
\t@pgf@tokc=\toks21
\pgf@sys@id@count=\count92

("C:\Users\Muhamad Fahmi Adzkar\AppData\Local\Programs\MiKTeX 2.9\tex/generic/p
gf/systemlayer\pgf.cfg"
File: pgf.cfg 2019/08/03 v3.1.4b (3.1.4b)
)
Driver file for pgf: pgfsys-pdftex.def

("C:\Users\Muhamad Fahmi Adzkar\AppData\Local\Programs\MiKTeX 2.9\tex/generic/p
gf/systemlayer\pgfsys-pdftex.def"
File: pgfsys-pdftex.def 2019/08/03 v3.1.4b (3.1.4b)

("C:\Users\Muhamad Fahmi Adzkar\AppData\Local\Programs\MiKTeX 2.9\tex/generic/p
gf/systemlayer\pgfsys-common-pdf.def"
File: pgfsys-common-pdf.def 2019/08/03 v3.1.4b (3.1.4b)
)))
("C:\Users\Muhamad Fahmi Adzkar\AppData\Local\Programs\MiKTeX 2.9\tex/generic/p
gf/systemlayer\pgfsyssoftpath.code.tex"
File: pgfsyssoftpath.code.tex 2019/08/03 v3.1.4b (3.1.4b)
\pgfsyssoftpath@smallbuffer@items=\count93
\pgfsyssoftpath@bigbuffer@items=\count94
)
("C:\Users\Muhamad Fahmi Adzkar\AppData\Local\Programs\MiKTeX 2.9\tex/generic/p
gf/systemlayer\pgfsysprotocol.code.tex"
File: pgfsysprotocol.code.tex 2019/08/03 v3.1.4b (3.1.4b)
))
("C:\Users\Muhamad Fahmi Adzkar\AppData\Local\Programs\MiKTeX 2.9\tex/latex/xco
lor\xcolor.sty"
Package: xcolor 2016/05/11 v2.12 LaTeX color extensions (UK)

("C:\Users\Muhamad Fahmi Adzkar\AppData\Local\Programs\MiKTeX 2.9\tex/latex/gra
phics-cfg\color.cfg"
File: color.cfg 2016/01/02 v1.6 sample color configuration
)
Package xcolor Info: Driver file: pdftex.def on input line 225.
Package xcolor Info: Model `cmy' substituted by `cmy0' on input line 1348.
Package xcolor Info: Model `hsb' substituted by `rgb' on input line 1352.
Package xcolor Info: Model `RGB' extended on input line 1364.
Package xcolor Info: Model `HTML' substituted by `rgb' on input line 1366.
Package xcolor Info: Model `Hsb' substituted by `hsb' on input line 1367.
Package xcolor Info: Model `tHsb' substituted by `hsb' on input line 1368.
Package xcolor Info: Model `HSB' substituted by `hsb' on input line 1369.
Package xcolor Info: Model `Gray' substituted by `gray' on input line 1370.
Package xcolor Info: Model `wave' substituted by `hsb' on input line 1371.
)
("C:\Users\Muhamad Fahmi Adzkar\AppData\Local\Programs\MiKTeX 2.9\tex/generic/p
gf/basiclayer\pgfcore.code.tex"
Package: pgfcore 2019/08/03 v3.1.4b (3.1.4b)

("C:\Users\Muhamad Fahmi Adzkar\AppData\Local\Programs\MiKTeX 2.9\tex/generic/p
gf/math\pgfmath.code.tex"
("C:\Users\Muhamad Fahmi Adzkar\AppData\Local\Programs\MiKTeX 2.9\tex/generic/p
gf/math\pgfmathcalc.code.tex"
("C:\Users\Muhamad Fahmi Adzkar\AppData\Local\Programs\MiKTeX 2.9\tex/generic/p
gf/math\pgfmathutil.code.tex")
("C:\Users\Muhamad Fahmi Adzkar\AppData\Local\Programs\MiKTeX 2.9\tex/generic/p
gf/math\pgfmathparser.code.tex"
\pgfmath@dimen=\dimen117
\pgfmath@count=\count95
\pgfmath@box=\box28
\pgfmath@toks=\toks22
\pgfmath@stack@operand=\toks23
\pgfmath@stack@operation=\toks24
)
("C:\Users\Muhamad Fahmi Adzkar\AppData\Local\Programs\MiKTeX 2.9\tex/generic/p
gf/math\pgfmathfunctions.code.tex"
("C:\Users\Muhamad Fahmi Adzkar\AppData\Local\Programs\MiKTeX 2.9\tex/generic/p
gf/math\pgfmathfunctions.basic.code.tex")
("C:\Users\Muhamad Fahmi Adzkar\AppData\Local\Programs\MiKTeX 2.9\tex/generic/p
gf/math\pgfmathfunctions.trigonometric.code.tex")
("C:\Users\Muhamad Fahmi Adzkar\AppData\Local\Programs\MiKTeX 2.9\tex/generic/p
gf/math\pgfmathfunctions.random.code.tex")
("C:\Users\Muhamad Fahmi Adzkar\AppData\Local\Programs\MiKTeX 2.9\tex/generic/p
gf/math\pgfmathfunctions.comparison.code.tex")
("C:\Users\Muhamad Fahmi Adzkar\AppData\Local\Programs\MiKTeX 2.9\tex/generic/p
gf/math\pgfmathfunctions.base.code.tex")
("C:\Users\Muhamad Fahmi Adzkar\AppData\Local\Programs\MiKTeX 2.9\tex/generic/p
gf/math\pgfmathfunctions.round.code.tex")
("C:\Users\Muhamad Fahmi Adzkar\AppData\Local\Programs\MiKTeX 2.9\tex/generic/p
gf/math\pgfmathfunctions.misc.code.tex")
("C:\Users\Muhamad Fahmi Adzkar\AppData\Local\Programs\MiKTeX 2.9\tex/generic/p
gf/math\pgfmathfunctions.integerarithmetics.code.tex")))
("C:\Users\Muhamad Fahmi Adzkar\AppData\Local\Programs\MiKTeX 2.9\tex/generic/p
gf/math\pgfmathfloat.code.tex"
\c@pgfmathroundto@lastzeros=\count96
))
("C:\Users\Muhamad Fahmi Adzkar\AppData\Local\Programs\MiKTeX 2.9\tex/generic/p
gf/math\pgfint.code.tex")
("C:\Users\Muhamad Fahmi Adzkar\AppData\Local\Programs\MiKTeX 2.9\tex/generic/p
gf/basiclayer\pgfcorepoints.code.tex"
File: pgfcorepoints.code.tex 2019/08/03 v3.1.4b (3.1.4b)
\pgf@picminx=\dimen118
\pgf@picmaxx=\dimen119
\pgf@picminy=\dimen120
\pgf@picmaxy=\dimen121
\pgf@pathminx=\dimen122
\pgf@pathmaxx=\dimen123
\pgf@pathminy=\dimen124
\pgf@pathmaxy=\dimen125
\pgf@xx=\dimen126
\pgf@xy=\dimen127
\pgf@yx=\dimen128
\pgf@yy=\dimen129
\pgf@zx=\dimen130
\pgf@zy=\dimen131
)
("C:\Users\Muhamad Fahmi Adzkar\AppData\Local\Programs\MiKTeX 2.9\tex/generic/p
gf/basiclayer\pgfcorepathconstruct.code.tex"
File: pgfcorepathconstruct.code.tex 2019/08/03 v3.1.4b (3.1.4b)
\pgf@path@lastx=\dimen132
\pgf@path@lasty=\dimen133
)
("C:\Users\Muhamad Fahmi Adzkar\AppData\Local\Programs\MiKTeX 2.9\tex/generic/p
gf/basiclayer\pgfcorepathusage.code.tex"
File: pgfcorepathusage.code.tex 2019/08/03 v3.1.4b (3.1.4b)
\pgf@shorten@end@additional=\dimen134
\pgf@shorten@start@additional=\dimen135
)
("C:\Users\Muhamad Fahmi Adzkar\AppData\Local\Programs\MiKTeX 2.9\tex/generic/p
gf/basiclayer\pgfcorescopes.code.tex"
File: pgfcorescopes.code.tex 2019/08/03 v3.1.4b (3.1.4b)
\pgfpic=\box29
\pgf@hbox=\box30
\pgf@layerbox@main=\box31
\pgf@picture@serial@count=\count97
)
("C:\Users\Muhamad Fahmi Adzkar\AppData\Local\Programs\MiKTeX 2.9\tex/generic/p
gf/basiclayer\pgfcoregraphicstate.code.tex"
File: pgfcoregraphicstate.code.tex 2019/08/03 v3.1.4b (3.1.4b)
\pgflinewidth=\dimen136
)
("C:\Users\Muhamad Fahmi Adzkar\AppData\Local\Programs\MiKTeX 2.9\tex/generic/p
gf/basiclayer\pgfcoretransformations.code.tex"
File: pgfcoretransformations.code.tex 2019/08/03 v3.1.4b (3.1.4b)
\pgf@pt@x=\dimen137
\pgf@pt@y=\dimen138
\pgf@pt@temp=\dimen139
)
("C:\Users\Muhamad Fahmi Adzkar\AppData\Local\Programs\MiKTeX 2.9\tex/generic/p
gf/basiclayer\pgfcorequick.code.tex"
File: pgfcorequick.code.tex 2019/08/03 v3.1.4b (3.1.4b)
)
("C:\Users\Muhamad Fahmi Adzkar\AppData\Local\Programs\MiKTeX 2.9\tex/generic/p
gf/basiclayer\pgfcoreobjects.code.tex"
File: pgfcoreobjects.code.tex 2019/08/03 v3.1.4b (3.1.4b)
)
("C:\Users\Muhamad Fahmi Adzkar\AppData\Local\Programs\MiKTeX 2.9\tex/generic/p
gf/basiclayer\pgfcorepathprocessing.code.tex"
File: pgfcorepathprocessing.code.tex 2019/08/03 v3.1.4b (3.1.4b)
)
("C:\Users\Muhamad Fahmi Adzkar\AppData\Local\Programs\MiKTeX 2.9\tex/generic/p
gf/basiclayer\pgfcorearrows.code.tex"
File: pgfcorearrows.code.tex 2019/08/03 v3.1.4b (3.1.4b)
\pgfarrowsep=\dimen140
)
("C:\Users\Muhamad Fahmi Adzkar\AppData\Local\Programs\MiKTeX 2.9\tex/generic/p
gf/basiclayer\pgfcoreshade.code.tex"
File: pgfcoreshade.code.tex 2019/08/03 v3.1.4b (3.1.4b)
\pgf@max=\dimen141
\pgf@sys@shading@range@num=\count98
\pgf@shadingcount=\count99
)
("C:\Users\Muhamad Fahmi Adzkar\AppData\Local\Programs\MiKTeX 2.9\tex/generic/p
gf/basiclayer\pgfcoreimage.code.tex"
File: pgfcoreimage.code.tex 2019/08/03 v3.1.4b (3.1.4b)

("C:\Users\Muhamad Fahmi Adzkar\AppData\Local\Programs\MiKTeX 2.9\tex/generic/p
gf/basiclayer\pgfcoreexternal.code.tex"
File: pgfcoreexternal.code.tex 2019/08/03 v3.1.4b (3.1.4b)
\pgfexternal@startupbox=\box32
))
("C:\Users\Muhamad Fahmi Adzkar\AppData\Local\Programs\MiKTeX 2.9\tex/generic/p
gf/basiclayer\pgfcorelayers.code.tex"
File: pgfcorelayers.code.tex 2019/08/03 v3.1.4b (3.1.4b)
)
("C:\Users\Muhamad Fahmi Adzkar\AppData\Local\Programs\MiKTeX 2.9\tex/generic/p
gf/basiclayer\pgfcoretransparency.code.tex"
File: pgfcoretransparency.code.tex 2019/08/03 v3.1.4b (3.1.4b)
)
("C:\Users\Muhamad Fahmi Adzkar\AppData\Local\Programs\MiKTeX 2.9\tex/generic/p
gf/basiclayer\pgfcorepatterns.code.tex"
File: pgfcorepatterns.code.tex 2019/08/03 v3.1.4b (3.1.4b)
)
("C:\Users\Muhamad Fahmi Adzkar\AppData\Local\Programs\MiKTeX 2.9\tex/generic/p
gf/basiclayer\pgfcorerdf.code.tex"
File: pgfcorerdf.code.tex 2019/08/03 v3.1.4b (3.1.4b)
)))
("C:\Users\Muhamad Fahmi Adzkar\AppData\Local\Programs\MiKTeX 2.9\tex/generic/p
gf/modules\pgfmoduleshapes.code.tex"
File: pgfmoduleshapes.code.tex 2019/08/03 v3.1.4b (3.1.4b)
\pgfnodeparttextbox=\box33
)
("C:\Users\Muhamad Fahmi Adzkar\AppData\Local\Programs\MiKTeX 2.9\tex/generic/p
gf/modules\pgfmoduleplot.code.tex"
File: pgfmoduleplot.code.tex 2019/08/03 v3.1.4b (3.1.4b)
)
("C:\Users\Muhamad Fahmi Adzkar\AppData\Local\Programs\MiKTeX 2.9\tex/latex/pgf
/compatibility\pgfcomp-version-0-65.sty"
Package: pgfcomp-version-0-65 2019/08/03 v3.1.4b (3.1.4b)
\pgf@nodesepstart=\dimen142
\pgf@nodesepend=\dimen143
)
("C:\Users\Muhamad Fahmi Adzkar\AppData\Local\Programs\MiKTeX 2.9\tex/latex/pgf
/compatibility\pgfcomp-version-1-18.sty"
Package: pgfcomp-version-1-18 2019/08/03 v3.1.4b (3.1.4b)
))
("C:\Users\Muhamad Fahmi Adzkar\AppData\Local\Programs\MiKTeX 2.9\tex/latex/pgf
/utilities\pgffor.sty"
("C:\Users\Muhamad Fahmi Adzkar\AppData\Local\Programs\MiKTeX 2.9\tex/latex/pgf
/utilities\pgfkeys.sty"
("C:\Users\Muhamad Fahmi Adzkar\AppData\Local\Programs\MiKTeX 2.9\tex/generic/p
gf/utilities\pgfkeys.code.tex"))
("C:\Users\Muhamad Fahmi Adzkar\AppData\Local\Programs\MiKTeX 2.9\tex/latex/pgf
/math\pgfmath.sty"
("C:\Users\Muhamad Fahmi Adzkar\AppData\Local\Programs\MiKTeX 2.9\tex/generic/p
gf/math\pgfmath.code.tex"))
("C:\Users\Muhamad Fahmi Adzkar\AppData\Local\Programs\MiKTeX 2.9\tex/generic/p
gf/utilities\pgffor.code.tex"
Package: pgffor 2019/08/03 v3.1.4b (3.1.4b)

("C:\Users\Muhamad Fahmi Adzkar\AppData\Local\Programs\MiKTeX 2.9\tex/generic/p
gf/math\pgfmath.code.tex")
\pgffor@iter=\dimen144
\pgffor@skip=\dimen145
\pgffor@stack=\toks25
\pgffor@toks=\toks26
))
("C:\Users\Muhamad Fahmi Adzkar\AppData\Local\Programs\MiKTeX 2.9\tex/generic/p
gf/frontendlayer/tikz\tikz.code.tex"
Package: tikz 2019/08/03 v3.1.4b (3.1.4b)

("C:\Users\Muhamad Fahmi Adzkar\AppData\Local\Programs\MiKTeX 2.9\tex/generic/p
gf/libraries\pgflibraryplothandlers.code.tex"
File: pgflibraryplothandlers.code.tex 2019/08/03 v3.1.4b (3.1.4b)
\pgf@plot@mark@count=\count100
\pgfplotmarksize=\dimen146
)
\tikz@lastx=\dimen147
\tikz@lasty=\dimen148
\tikz@lastxsaved=\dimen149
\tikz@lastysaved=\dimen150
\tikz@lastmovetox=\dimen151
\tikz@lastmovetoy=\dimen152
\tikzleveldistance=\dimen153
\tikzsiblingdistance=\dimen154
\tikz@figbox=\box34
\tikz@figbox@bg=\box35
\tikz@tempbox=\box36
\tikz@tempbox@bg=\box37
\tikztreelevel=\count101
\tikznumberofchildren=\count102
\tikznumberofcurrentchild=\count103
\tikz@fig@count=\count104

("C:\Users\Muhamad Fahmi Adzkar\AppData\Local\Programs\MiKTeX 2.9\tex/generic/p
gf/modules\pgfmodulematrix.code.tex"
File: pgfmodulematrix.code.tex 2019/08/03 v3.1.4b (3.1.4b)
\pgfmatrixcurrentrow=\count105
\pgfmatrixcurrentcolumn=\count106
\pgf@matrix@numberofcolumns=\count107
)
\tikz@expandcount=\count108

("C:\Users\Muhamad Fahmi Adzkar\AppData\Local\Programs\MiKTeX 2.9\tex/generic/p
gf/frontendlayer/tikz/libraries\tikzlibrarytopaths.code.tex"
File: tikzlibrarytopaths.code.tex 2019/08/03 v3.1.4b (3.1.4b)
)))
("C:\Users\Muhamad Fahmi Adzkar\AppData\Local\Programs\MiKTeX 2.9\tex/latex/flo
at\float.sty"
Package: float 2001/11/08 v1.3d Float enhancements (AL)
\c@float@type=\count109
\float@exts=\toks27
\float@box=\box38
\@float@everytoks=\toks28
\@floatcapt=\box39
)
("C:\Users\Muhamad Fahmi Adzkar\AppData\Local\Programs\MiKTeX 2.9\tex/latex/mul
tirow\multirow.sty"
Package: multirow 2019/05/31 v2.5 Span multiple rows of a table
\multirow@colwidth=\skip43
\multirow@cntb=\count110
\multirow@dima=\skip44
\bigstrutjot=\dimen155
)
("C:\Users\Muhamad Fahmi Adzkar\AppData\Local\Programs\MiKTeX 2.9\tex/latex/set
space\setspace.sty"
Package: setspace 2011/12/19 v6.7a set line spacing
)
("C:\Users\Muhamad Fahmi Adzkar\AppData\Local\Programs\MiKTeX 2.9\tex/latex/psn
fss\times.sty"
Package: times 2005/04/12 PSNFSS-v9.2a (SPQR) 
)
("C:\Users\Muhamad Fahmi Adzkar\AppData\Local\Programs\MiKTeX 2.9\tex/latex/geo
metry\geometry.sty"
Package: geometry 2018/04/16 v5.8 Page Geometry

("C:\Users\Muhamad Fahmi Adzkar\AppData\Local\Programs\MiKTeX 2.9\tex/generic/o
berdiek\ifpdf.sty"
Package: ifpdf 2018/09/07 v3.3 Provides the ifpdf switch
)
("C:\Users\Muhamad Fahmi Adzkar\AppData\Local\Programs\MiKTeX 2.9\tex/generic/o
berdiek\ifvtex.sty"
Package: ifvtex 2016/05/16 v1.6 Detect VTeX and its facilities (HO)
Package ifvtex Info: VTeX not detected.
)
("C:\Users\Muhamad Fahmi Adzkar\AppData\Local\Programs\MiKTeX 2.9\tex/generic/i
fxetex\ifxetex.sty"
Package: ifxetex 2010/09/12 v0.6 Provides ifxetex conditional
)
\Gm@cnth=\count111
\Gm@cntv=\count112
\c@Gm@tempcnt=\count113
\Gm@bindingoffset=\dimen156
\Gm@wd@mp=\dimen157
\Gm@odd@mp=\dimen158
\Gm@even@mp=\dimen159
\Gm@layoutwidth=\dimen160
\Gm@layoutheight=\dimen161
\Gm@layouthoffset=\dimen162
\Gm@layoutvoffset=\dimen163
\Gm@dimlist=\toks29

("C:\Users\Muhamad Fahmi Adzkar\AppData\Local\Programs\MiKTeX 2.9\tex/latex/geo
metry\geometry.cfg"))
("C:\Users\Muhamad Fahmi Adzkar\AppData\Local\Programs\MiKTeX 2.9\tex/latex/fan
cyhdr\fancyhdr.sty"
Package: fancyhdr 2019/01/31 v3.10 Extensive control of page headers and footer
s
\f@nch@headwidth=\skip45
\f@nch@O@elh=\skip46
\f@nch@O@erh=\skip47
\f@nch@O@olh=\skip48
\f@nch@O@orh=\skip49
\f@nch@O@elf=\skip50
\f@nch@O@erf=\skip51
\f@nch@O@olf=\skip52
\f@nch@O@orf=\skip53
)
("C:\Users\Muhamad Fahmi Adzkar\AppData\Local\Programs\MiKTeX 2.9\tex/generic/p
gf/frontendlayer/tikz/libraries\tikzlibraryarrows.code.tex"
File: tikzlibraryarrows.code.tex 2019/08/03 v3.1.4b (3.1.4b)

("C:\Users\Muhamad Fahmi Adzkar\AppData\Local\Programs\MiKTeX 2.9\tex/generic/p
gf/libraries\pgflibraryarrows.code.tex"
File: pgflibraryarrows.code.tex 2019/08/03 v3.1.4b (3.1.4b)
\arrowsize=\dimen164
))
("C:\Users\Muhamad Fahmi Adzkar\AppData\Local\Programs\MiKTeX 2.9\tex/generic/p
gf/frontendlayer/tikz/libraries\tikzlibraryshapes.geometric.code.tex"
File: tikzlibraryshapes.geometric.code.tex 2019/08/03 v3.1.4b (3.1.4b)

("C:\Users\Muhamad Fahmi Adzkar\AppData\Local\Programs\MiKTeX 2.9\tex/generic/p
gf/libraries/shapes\pgflibraryshapes.geometric.code.tex"
File: pgflibraryshapes.geometric.code.tex 2019/08/03 v3.1.4b (3.1.4b)
))
("C:\Users\Muhamad Fahmi Adzkar\AppData\Local\Programs\MiKTeX 2.9\tex/generic/p
gf/frontendlayer/tikz/libraries\tikzlibraryshapes.code.tex"
File: tikzlibraryshapes.code.tex 2019/08/03 v3.1.4b (3.1.4b)

("C:\Users\Muhamad Fahmi Adzkar\AppData\Local\Programs\MiKTeX 2.9\tex/generic/p
gf/frontendlayer/tikz/libraries\tikzlibraryshapes.misc.code.tex"
File: tikzlibraryshapes.misc.code.tex 2019/08/03 v3.1.4b (3.1.4b)

("C:\Users\Muhamad Fahmi Adzkar\AppData\Local\Programs\MiKTeX 2.9\tex/generic/p
gf/libraries/shapes\pgflibraryshapes.misc.code.tex"
File: pgflibraryshapes.misc.code.tex 2019/08/03 v3.1.4b (3.1.4b)
))
("C:\Users\Muhamad Fahmi Adzkar\AppData\Local\Programs\MiKTeX 2.9\tex/generic/p
gf/frontendlayer/tikz/libraries\tikzlibraryshapes.symbols.code.tex"
File: tikzlibraryshapes.symbols.code.tex 2019/08/03 v3.1.4b (3.1.4b)

("C:\Users\Muhamad Fahmi Adzkar\AppData\Local\Programs\MiKTeX 2.9\tex/generic/p
gf/libraries/shapes\pgflibraryshapes.symbols.code.tex"
File: pgflibraryshapes.symbols.code.tex 2019/08/03 v3.1.4b (3.1.4b)
))
("C:\Users\Muhamad Fahmi Adzkar\AppData\Local\Programs\MiKTeX 2.9\tex/generic/p
gf/frontendlayer/tikz/libraries\tikzlibraryshapes.arrows.code.tex"
File: tikzlibraryshapes.arrows.code.tex 2019/08/03 v3.1.4b (3.1.4b)

("C:\Users\Muhamad Fahmi Adzkar\AppData\Local\Programs\MiKTeX 2.9\tex/generic/p
gf/libraries/shapes\pgflibraryshapes.arrows.code.tex"
File: pgflibraryshapes.arrows.code.tex 2019/08/03 v3.1.4b (3.1.4b)
))
("C:\Users\Muhamad Fahmi Adzkar\AppData\Local\Programs\MiKTeX 2.9\tex/generic/p
gf/frontendlayer/tikz/libraries\tikzlibraryshapes.callouts.code.tex"
("C:\Users\Muhamad Fahmi Adzkar\AppData\Local\Programs\MiKTeX 2.9\tex/generic/p
gf/libraries/shapes\pgflibraryshapes.callouts.code.tex"))
("C:\Users\Muhamad Fahmi Adzkar\AppData\Local\Programs\MiKTeX 2.9\tex/generic/p
gf/frontendlayer/tikz/libraries\tikzlibraryshapes.multipart.code.tex"
File: tikzlibraryshapes.multipart.code.tex 2019/08/03 v3.1.4b (3.1.4b)

("C:\Users\Muhamad Fahmi Adzkar\AppData\Local\Programs\MiKTeX 2.9\tex/generic/p
gf/libraries/shapes\pgflibraryshapes.multipart.code.tex"
File: pgflibraryshapes.multipart.code.tex 2019/08/03 v3.1.4b (3.1.4b)
\pgfnodepartlowerbox=\box40
\pgfnodeparttwobox=\box41
\pgfnodepartthreebox=\box42
\pgfnodepartfourbox=\box43
\pgfnodeparttwentybox=\box44
\pgfnodepartnineteenbox=\box45
\pgfnodeparteighteenbox=\box46
\pgfnodepartseventeenbox=\box47
\pgfnodepartsixteenbox=\box48
\pgfnodepartfifteenbox=\box49
\pgfnodepartfourteenbox=\box50
\pgfnodepartthirteenbox=\box51
\pgfnodeparttwelvebox=\box52
\pgfnodepartelevenbox=\box53
\pgfnodeparttenbox=\box54
\pgfnodepartninebox=\box55
\pgfnodeparteightbox=\box56
\pgfnodepartsevenbox=\box57
\pgfnodepartsixbox=\box58
\pgfnodepartfivebox=\box59
))) (op-amp.aux)
\openout1 = `op-amp.aux'.

LaTeX Font Info:    Checking defaults for OML/cmm/m/it on input line 25.
LaTeX Font Info:    ... okay on input line 25.
LaTeX Font Info:    Checking defaults for T1/cmr/m/n on input line 25.
LaTeX Font Info:    ... okay on input line 25.
LaTeX Font Info:    Checking defaults for OT1/cmr/m/n on input line 25.
LaTeX Font Info:    ... okay on input line 25.
LaTeX Font Info:    Checking defaults for OMS/cmsy/m/n on input line 25.
LaTeX Font Info:    ... okay on input line 25.
LaTeX Font Info:    Checking defaults for OMX/cmex/m/n on input line 25.
LaTeX Font Info:    ... okay on input line 25.
LaTeX Font Info:    Checking defaults for U/cmr/m/n on input line 25.
LaTeX Font Info:    ... okay on input line 25.
LaTeX Font Info:    Trying to load font information for OT1+ptm on input line 2
5.

("C:\Users\Muhamad Fahmi Adzkar\AppData\Local\Programs\MiKTeX 2.9\tex/latex/psn
fss\ot1ptm.fd"
File: ot1ptm.fd 2001/06/04 font definitions for OT1/ptm.
) ABD: EveryShipout initializing macros
("C:\Users\Muhamad Fahmi Adzkar\AppData\Local\Programs\MiKTeX 2.9\tex/context/b
ase/mkii\supp-pdf.mkii"
[Loading MPS to PDF converter (version 2006.09.02).]
\scratchcounter=\count114
\scratchdimen=\dimen165
\scratchbox=\box60
\nofMPsegments=\count115
\nofMParguments=\count116
\everyMPshowfont=\toks30
\MPscratchCnt=\count117
\MPscratchDim=\dimen166
\MPnumerator=\count118
\makeMPintoPDFobject=\count119
\everyMPtoPDFconversion=\toks31
)
("C:\Users\Muhamad Fahmi Adzkar\AppData\Local\Programs\MiKTeX 2.9\tex/latex/obe
rdiek\epstopdf-base.sty"
Package: epstopdf-base 2016/05/15 v2.6 Base part for package epstopdf

("C:\Users\Muhamad Fahmi Adzkar\AppData\Local\Programs\MiKTeX 2.9\tex/generic/o
berdiek\infwarerr.sty"
Package: infwarerr 2016/05/16 v1.4 Providing info/warning/error messages (HO)
)
("C:\Users\Muhamad Fahmi Adzkar\AppData\Local\Programs\MiKTeX 2.9\tex/latex/obe
rdiek\grfext.sty"
Package: grfext 2016/05/16 v1.2 Manage graphics extensions (HO)

("C:\Users\Muhamad Fahmi Adzkar\AppData\Local\Programs\MiKTeX 2.9\tex/generic/o
berdiek\kvdefinekeys.sty"
Package: kvdefinekeys 2016/05/16 v1.4 Define keys (HO)

("C:\Users\Muhamad Fahmi Adzkar\AppData\Local\Programs\MiKTeX 2.9\tex/generic/o
berdiek\ltxcmds.sty"
Package: ltxcmds 2016/05/16 v1.23 LaTeX kernel commands for general use (HO)
)))
("C:\Users\Muhamad Fahmi Adzkar\AppData\Local\Programs\MiKTeX 2.9\tex/latex/obe
rdiek\kvoptions.sty"
Package: kvoptions 2016/05/16 v3.12 Key value format for package options (HO)

("C:\Users\Muhamad Fahmi Adzkar\AppData\Local\Programs\MiKTeX 2.9\tex/generic/o
berdiek\kvsetkeys.sty"
Package: kvsetkeys 2016/05/16 v1.17 Key value parser (HO)

("C:\Users\Muhamad Fahmi Adzkar\AppData\Local\Programs\MiKTeX 2.9\tex/generic/o
berdiek\etexcmds.sty"
Package: etexcmds 2016/05/16 v1.6 Avoid name clashes with e-TeX commands (HO)

("C:\Users\Muhamad Fahmi Adzkar\AppData\Local\Programs\MiKTeX 2.9\tex/generic/o
berdiek\ifluatex.sty"
Package: ifluatex 2016/05/16 v1.4 Provides the ifluatex switch (HO)
Package ifluatex Info: LuaTeX not detected.
))))
("C:\Users\Muhamad Fahmi Adzkar\AppData\Local\Programs\MiKTeX 2.9\tex/generic/o
berdiek\pdftexcmds.sty"
Package: pdftexcmds 2019/07/25 v0.30 Utility functions of pdfTeX for LuaTeX (HO
)
Package pdftexcmds Info: LuaTeX not detected.
Package pdftexcmds Info: \pdf@primitive is available.
Package pdftexcmds Info: \pdf@ifprimitive is available.
Package pdftexcmds Info: \pdfdraftmode found.
)
Package epstopdf-base Info: Redefining graphics rule for `.eps' on input line 4
38.
Package grfext Info: Graphics extension search list:
(grfext)             [.pdf,.png,.jpg,.mps,.jpeg,.jbig2,.jb2,.PDF,.PNG,.JPG,.JPE
G,.JBIG2,.JB2,.eps]
(grfext)             \AppendGraphicsExtensions on input line 456.
)
*geometry* driver: auto-detecting
*geometry* detected driver: pdftex
*geometry* verbose mode - [ preamble ] result:
* driver: pdftex
* paper: a4paper
* layout: <same size as paper>
* layoutoffset:(h,v)=(0.0pt,0.0pt)
* modes: 
* h-part:(L,W,R)=(85.35826pt, 455.24411pt, 56.9055pt)
* v-part:(T,H,B)=(56.9055pt, 731.23584pt, 56.9055pt)
* \paperwidth=597.50787pt
* \paperheight=845.04684pt
* \textwidth=455.24411pt
* \textheight=731.23584pt
* \oddsidemargin=13.08827pt
* \evensidemargin=13.08827pt
* \topmargin=-52.36449pt
* \headheight=12.0pt
* \headsep=25.0pt
* \topskip=12.0pt
* \footskip=30.0pt
* \marginparwidth=35.0pt
* \marginparsep=10.0pt
* \columnsep=10.0pt
* \skip\footins=10.8pt plus 4.0pt minus 2.0pt
* \hoffset=0.0pt
* \voffset=0.0pt
* \mag=1000
* \@twocolumnfalse
* \@twosidefalse
* \@mparswitchfalse
* \@reversemarginfalse
* (1in=72.27pt=25.4mm, 1cm=28.453pt)

LaTeX Font Info:    Font shape `OT1/ptm/bx/n' in size <20.74> not available
(Font)              Font shape `OT1/ptm/b/n' tried instead on input line 42.
LaTeX Font Info:    External font `cmex10' loaded for size
(Font)              <14.4> on input line 42.
LaTeX Font Info:    External font `cmex10' loaded for size
(Font)              <7> on input line 42.
LaTeX Font Info:    Font shape `OT1/ptm/bx/n' in size <14.4> not available
(Font)              Font shape `OT1/ptm/b/n' tried instead on input line 42.
<uin.png, id=4, 1114.1625pt x 1317.42188pt>
File: uin.png Graphic file (type png)
<use uin.png>
Package pdftex.def Info: uin.png  used on input line 45.
(pdftex.def)             Requested size: 113.81102pt x 134.56421pt.
[1

{C:/Users/Muhamad Fahmi Adzkar/AppData/Local/MiKTeX/2.9/pdftex/config/pdftex.ma
p} <./uin.png

pdfTeX warning: pdflatex (file ./uin.png): large interlaced PNG might cause out
 of memory (use non-interlaced PNG to fix this)
>]
LaTeX Font Info:    Font shape `OT1/ptm/bx/n' in size <10.95> not available
(Font)              Font shape `OT1/ptm/b/n' tried instead on input line 56.

Overfull \hbox (3.05646pt too wide) in paragraph at lines 63--64
[]\OT1/ptm/m/n/10.95 Telah di-lakukan per-cobaan ten-tang Op-Amp Adder dan Op-A
mp Sub-trac-tor di Laborsto-
 []

[1]
LaTeX Font Info:    Font shape `OT1/ptm/bx/n' in size <17.28> not available
(Font)              Font shape `OT1/ptm/b/n' tried instead on input line 70.
LaTeX Font Info:    Font shape `OT1/ptm/bx/n' in size <12> not available
(Font)              Font shape `OT1/ptm/b/n' tried instead on input line 72.
 [2]
Overfull \hbox (4.23174pt too wide) in paragraph at lines 116--120
\OT1/ptm/m/n/12 adder juga ser-ing dise-but rangka-ian kom-bi-na-sional ar-it-m
atika. Ada 3 je-nis Adder, yaitu: Rangka-
 []

[3] [4]
LaTeX Font Info:    External font `cmex10' loaded for size
(Font)              <12> on input line 174.
LaTeX Font Info:    External font `cmex10' loaded for size
(Font)              <8> on input line 174.
LaTeX Font Info:    External font `cmex10' loaded for size
(Font)              <6> on input line 174.
 [5] [6] [7] [8] [9] [10] [11] [12]
<Adder1.png, id=55, 774.8536pt x 581.14021pt>
File: Adder1.png Graphic file (type png)
<use Adder1.png>
Package pdftex.def Info: Adder1.png  used on input line 314.
(pdftex.def)             Requested size: 341.43321pt x 142.26088pt.
<Adder2.png, id=56, 774.8536pt x 581.14021pt>
File: Adder2.png Graphic file (type png)
<use Adder2.png>
Package pdftex.def Info: Adder2.png  used on input line 316.
(pdftex.def)             Requested size: 341.43321pt x 170.71661pt.
<Diferent1.png, id=57, 774.8536pt x 581.14021pt>
File: Diferent1.png Graphic file (type png)
<use Diferent1.png>
Package pdftex.def Info: Diferent1.png  used on input line 318.
(pdftex.def)             Requested size: 341.43321pt x 170.71661pt.
<Different2.png, id=58, 774.8536pt x 581.14021pt>
File: Different2.png Graphic file (type png)
<use Different2.png>
Package pdftex.def Info: Different2.png  used on input line 329.
(pdftex.def)             Requested size: 341.43321pt x 170.71661pt.
<Diferent3.png, id=59, 774.8536pt x 581.14021pt>
File: Diferent3.png Graphic file (type png)
<use Diferent3.png>
Package pdftex.def Info: Diferent3.png  used on input line 331.
(pdftex.def)             Requested size: 341.43321pt x 170.71661pt.
<Diferent4.png, id=60, 774.8536pt x 581.14021pt>
File: Diferent4.png Graphic file (type png)
<use Diferent4.png>
Package pdftex.def Info: Diferent4.png  used on input line 333.
(pdftex.def)             Requested size: 341.43321pt x 170.71661pt.
<Integrator1.png, id=61, 774.8536pt x 581.14021pt>
File: Integrator1.png Graphic file (type png)
<use Integrator1.png>
Package pdftex.def Info: Integrator1.png  used on input line 345.
(pdftex.def)             Requested size: 341.43321pt x 170.71661pt.
<Integrator2.png, id=62, 774.8536pt x 581.14021pt>
File: Integrator2.png Graphic file (type png)
<use Integrator2.png>
Package pdftex.def Info: Integrator2.png  used on input line 347.
(pdftex.def)             Requested size: 341.43321pt x 170.71661pt.
<Integrator3.png, id=63, 774.8536pt x 581.14021pt>
File: Integrator3.png Graphic file (type png)
<use Integrator3.png>
Package pdftex.def Info: Integrator3.png  used on input line 349.
(pdftex.def)             Requested size: 341.43321pt x 170.71661pt.
<Integrator4.png, id=64, 774.8536pt x 581.14021pt>
File: Integrator4.png Graphic file (type png)
<use Integrator4.png>
Package pdftex.def Info: Integrator4.png  used on input line 361.
(pdftex.def)             Requested size: 341.43321pt x 170.71661pt.
<Integrator5.png, id=65, 774.8536pt x 581.14021pt>
File: Integrator5.png Graphic file (type png)
<use Integrator5.png>
Package pdftex.def Info: Integrator5.png  used on input line 363.
(pdftex.def)             Requested size: 341.43321pt x 170.71661pt.
 [13 <./Adder1.png (PNG copy)> <./Adder2.png (PNG copy)> <./Diferent1.png (PNG 
copy)>] [14 <./Different2.png (PNG copy)> <./Diferent3.png (PNG copy)> <./Difer
ent4.png (PNG copy)>] [15 <./Integrator1.png (PNG copy)> <./Integrator2.png (PN
G copy)> <./Integrator3.png (PNG copy)>] [16 <./Integrator4.png (PNG copy)> <./
Integrator5.png (PNG copy)>]
(op-amp.aux) ) 
Here is how much of TeX's memory you used:
 15098 strings out of 492452
 331951 string characters out of 3113056
 395029 words of memory out of 3000000
 19149 multiletter control sequences out of 15000+200000
 22872 words of font info for 46 fonts, out of 3000000 for 9000
 1141 hyphenation exceptions out of 8191
 60i,6n,67p,851b,679s stack positions out of 5000i,500n,10000p,200000b,50000s
{C:/Users/Muhamad Fahmi Adzkar/AppData/Local/Programs/MiKTeX 2.9/
fonts/enc/dvips/base/8r.enc}<C:/Users/Muhamad Fahmi Adzkar/AppData/Local/Progra
ms/MiKTeX 2.9/fonts/type1/public/amsfonts/cm/cmmi12.pfb><C:/Users/Muhamad Fahmi
 Adzkar/AppData/Local/Programs/MiKTeX 2.9/fonts/type1/public/amsfonts/cm/cmr12.
pfb><C:/Users/Muhamad Fahmi Adzkar/AppData/Local/Programs/MiKTeX 2.9/fonts/type
1/public/amsfonts/cm/cmsy10.pfb><C:/Users/Muhamad Fahmi Adzkar/AppData/Local/Pr
ograms/MiKTeX 2.9/fonts/type1/urw/times/utmb8a.pfb><C:/Users/Muhamad Fahmi Adzk
ar/AppData/Local/Programs/MiKTeX 2.9/fonts/type1/urw/times/utmr8a.pfb><C:/Users
/Muhamad Fahmi Adzkar/AppData/Local/Programs/MiKTeX 2.9/fonts/type1/urw/times/u
tmri8a.pfb>
Output written on op-amp.pdf (17 pages, 6405861 bytes).
PDF statistics:
 99 PDF objects out of 1000 (max. 8388607)
 0 named destinations out of 1000 (max. 500000)
 73 words of extra memory for PDF output out of 10000 (max. 10000000)

